{"level":"info","message":"GET /api-docs/"}
{"level":"info","message":"GET /api-docs/swagger-ui.css"}
{"level":"info","message":"GET /api-docs/swagger-ui-bundle.js"}
{"level":"info","message":"GET /api-docs/swagger-ui-standalone-preset.js"}
{"level":"info","message":"GET /api-docs/swagger-ui-init.js"}
{"level":"info","message":"POST /login"}
{"level":"info","message":"POST /items"}
{"level":"info","message":"GET /api-docs/"}
{"level":"info","message":"GET /api-docs/swagger-ui.css"}
{"level":"info","message":"GET /api-docs/swagger-ui-init.js"}
{"level":"info","message":"GET /api-docs/swagger-ui-bundle.js"}
{"level":"info","message":"GET /api-docs/swagger-ui-standalone-preset.js"}
{"level":"info","message":"GET /api-docs/favicon-32x32.png"}
{"level":"info","message":"GET /api-docs/"}
{"level":"info","message":"GET /api-docs/swagger-ui.css"}
{"level":"info","message":"GET /api-docs/swagger-ui-bundle.js"}
{"level":"info","message":"GET /api-docs/swagger-ui-standalone-preset.js"}
{"level":"info","message":"GET /api-docs/swagger-ui-init.js"}
{"level":"info","message":"GET /api-docs/favicon-32x32.png"}
{"level":"info","message":"GET /api-docs/"}
{"level":"info","message":"GET /api-docs/swagger-ui.css"}
{"level":"info","message":"GET /api-docs/swagger-ui-bundle.js"}
{"level":"info","message":"GET /api-docs/swagger-ui-init.js"}
{"level":"info","message":"GET /api-docs/swagger-ui-standalone-preset.js"}
{"level":"info","message":"GET /api-docs/favicon-32x32.png"}
{"level":"info","message":"GET /api-docs/"}
{"level":"info","message":"GET /api-docs/swagger-ui.css"}
{"level":"info","message":"GET /api-docs/swagger-ui-bundle.js"}
{"level":"info","message":"GET /api-docs/swagger-ui-standalone-preset.js"}
{"level":"info","message":"GET /api-docs/swagger-ui-init.js"}
{"level":"info","message":"GET /api-docs/favicon-32x32.png"}
{"level":"info","message":"GET /api-docs/"}
{"level":"info","message":"GET /api-docs/swagger-ui.css"}
{"level":"info","message":"GET /api-docs/swagger-ui-bundle.js"}
{"level":"info","message":"GET /api-docs/swagger-ui-standalone-preset.js"}
{"level":"info","message":"GET /api-docs/swagger-ui-init.js"}
{"level":"info","message":"GET /api-docs/favicon-32x32.png"}
{"level":"info","message":"GET /api-docs/"}
{"level":"info","message":"GET /api-docs/swagger-ui.css"}
{"level":"info","message":"GET /api-docs/swagger-ui-bundle.js"}
{"level":"info","message":"GET /api-docs/swagger-ui-standalone-preset.js"}
{"level":"info","message":"GET /api-docs/swagger-ui-init.js"}
{"level":"info","message":"GET /api-docs/favicon-32x32.png"}
{"level":"info","message":"GET /api-docs/"}
{"level":"info","message":"GET /api-docs/swagger-ui.css"}
{"level":"info","message":"GET /api-docs/swagger-ui-init.js"}
{"level":"info","message":"GET /api-docs/swagger-ui-bundle.js"}
{"level":"info","message":"GET /api-docs/swagger-ui-standalone-preset.js"}
{"level":"info","message":"GET /api-docs/favicon-32x32.png"}
{"level":"info","message":"GET /swagger.json"}
{"level":"info","message":"GET /api-docs/"}
{"level":"info","message":"GET /api-docs/swagger-ui.css"}
{"level":"info","message":"GET /api-docs/swagger-ui-bundle.js"}
{"level":"info","message":"GET /api-docs/swagger-ui-standalone-preset.js"}
{"level":"info","message":"GET /api-docs/swagger-ui-init.js"}
{"level":"info","message":"GET /api-docs/"}
{"level":"info","message":"GET /api-docs/swagger-ui.css"}
{"level":"info","message":"GET /api-docs/swagger-ui-bundle.js"}
{"level":"info","message":"GET /api-docs/swagger-ui-standalone-preset.js"}
{"level":"info","message":"GET /api-docs/swagger-ui-init.js"}
{"level":"info","message":"GET /api-docs/favicon-32x32.png"}
{"level":"info","message":"GET /swagger.json"}
{"level":"info","message":"GET /api-docs/"}
{"level":"info","message":"GET /api-docs/swagger-ui.css"}
{"level":"info","message":"GET /api-docs/swagger-ui-standalone-preset.js"}
{"level":"info","message":"GET /api-docs/swagger-ui-bundle.js"}
{"level":"info","message":"GET /api-docs/swagger-ui-init.js"}
{"level":"info","message":"GET /api-docs/favicon-32x32.png"}
{"level":"info","message":"GET /swagger.json"}
{"level":"info","message":"GET /api-docs/"}
{"level":"info","message":"GET /api-docs/swagger-ui.css"}
{"level":"info","message":"GET /api-docs/swagger-ui-init.js"}
{"level":"info","message":"GET /api-docs/swagger-ui-bundle.js"}
{"level":"info","message":"GET /api-docs/swagger-ui-standalone-preset.js"}
{"level":"info","message":"GET /api-docs/favicon-32x32.png"}
{"level":"info","message":"GET /api-docs/"}
{"level":"info","message":"GET /api-docs/swagger-ui.css"}
{"level":"info","message":"GET /api-docs/swagger-ui-init.js"}
{"level":"info","message":"GET /api-docs/swagger-ui-bundle.js"}
{"level":"info","message":"GET /api-docs/swagger-ui-standalone-preset.js"}
{"level":"info","message":"GET /api-docs/favicon-32x32.png"}
{"level":"info","message":"GET /api-docs"}
{"level":"info","message":"GET /api-docs/"}
{"level":"info","message":"GET /api-docs/swagger-ui.css"}
{"level":"info","message":"GET /api-docs/swagger-ui-bundle.js"}
{"level":"info","message":"GET /api-docs/swagger-ui-init.js"}
{"level":"info","message":"GET /api-docs/swagger-ui-standalone-preset.js"}
{"level":"info","message":"GET /api-docs/"}
{"level":"info","message":"GET /api-docs/swagger-ui.css"}
{"level":"info","message":"GET /api-docs/swagger-ui-bundle.js"}
{"level":"info","message":"GET /api-docs/swagger-ui-standalone-preset.js"}
{"level":"info","message":"GET /api-docs/swagger-ui-init.js"}
{"level":"info","message":"GET /api-docs/favicon-32x32.png"}
{"level":"info","message":"GET /api-docs/item"}
{"level":"info","message":"GET /api-docs/item"}
{"level":"info","message":"GET /api-docs/swagger-ui.css"}
{"level":"info","message":"GET /api-docs/swagger-ui-bundle.js"}
{"level":"info","message":"GET /api-docs/swagger-ui-standalone-preset.js"}
{"level":"info","message":"GET /api-docs/swagger-ui-init.js"}
{"level":"info","message":"GET /api-docs/default"}
{"level":"info","message":"GET /api-docs/default"}
{"level":"info","message":"GET /api-docs/swagger-ui.css"}
{"level":"info","message":"GET /api-docs/swagger-ui-bundle.js"}
{"level":"info","message":"GET /api-docs/swagger-ui-standalone-preset.js"}
{"level":"info","message":"GET /api-docs/swagger-ui-init.js"}
{"level":"info","message":"GET /items"}
{"level":"info","message":"GET /api-docs/default"}
{"level":"info","message":"GET /api-docs/default"}
{"level":"info","message":"GET /api-docs/swagger-ui.css"}
{"level":"info","message":"GET /api-docs/swagger-ui-bundle.js"}
{"level":"info","message":"GET /api-docs/swagger-ui-standalone-preset.js"}
{"level":"info","message":"GET /api-docs/swagger-ui-init.js"}
{"level":"info","message":"GET /api-docs/favicon-32x32.png"}
{"level":"info","message":"GET /api-docs/default"}
{"level":"info","message":"GET /api-docs/swagger-ui.css"}
{"level":"info","message":"GET /api-docs/swagger-ui-standalone-preset.js"}
{"level":"info","message":"GET /api-docs/swagger-ui-bundle.js"}
{"level":"info","message":"GET /api-docs/swagger-ui-init.js"}
{"level":"info","message":"GET /api-docs/favicon-32x32.png"}
{"level":"info","message":"GET /api-docs/default"}
{"level":"info","message":"GET /api-docs/swagger-ui.css"}
{"level":"info","message":"GET /api-docs/swagger-ui-bundle.js"}
{"level":"info","message":"GET /api-docs/swagger-ui-standalone-preset.js"}
{"level":"info","message":"GET /api-docs/swagger-ui-init.js"}
{"level":"info","message":"GET /api-docs/favicon-32x32.png"}
{"level":"info","message":"GET /api-docs/default"}
{"level":"info","message":"GET /api-docs/swagger-ui.css"}
{"level":"info","message":"GET /api-docs/swagger-ui-bundle.js"}
{"level":"info","message":"GET /api-docs/swagger-ui-standalone-preset.js"}
{"level":"info","message":"GET /api-docs/swagger-ui-init.js"}
{"level":"info","message":"GET /api-docs/favicon-32x32.png"}
{"level":"info","message":"GET /api-docs/default"}
{"level":"info","message":"GET /api-docs/swagger-ui.css"}
{"level":"info","message":"GET /api-docs/swagger-ui-bundle.js"}
{"level":"info","message":"GET /api-docs/swagger-ui-standalone-preset.js"}
{"level":"info","message":"GET /api-docs/swagger-ui-init.js"}
{"level":"info","message":"GET /api-docs/favicon-32x32.png"}
{"level":"info","message":"GET /api-docs/default"}
{"level":"info","message":"GET /api-docs/swagger-ui.css"}
{"level":"info","message":"GET /api-docs/swagger-ui-init.js"}
{"level":"info","message":"GET /api-docs/swagger-ui-bundle.js"}
{"level":"info","message":"GET /api-docs/swagger-ui-standalone-preset.js"}
{"level":"info","message":"GET /api-docs/favicon-32x32.png"}
{"level":"info","message":"GET /api-docs/default"}
{"level":"info","message":"GET /api-docs/swagger-ui.css"}
{"level":"info","message":"GET /api-docs/swagger-ui-bundle.js"}
{"level":"info","message":"GET /api-docs/swagger-ui-standalone-preset.js"}
{"level":"info","message":"GET /api-docs/swagger-ui-init.js"}
{"level":"info","message":"GET /api-docs/favicon-32x32.png"}
{"level":"info","message":"GET /api-docs/default"}
{"level":"info","message":"GET /api-docs/swagger-ui.css"}
{"level":"info","message":"GET /api-docs/swagger-ui-bundle.js"}
{"level":"info","message":"GET /api-docs/swagger-ui-standalone-preset.js"}
{"level":"info","message":"GET /api-docs/swagger-ui-init.js"}
{"level":"info","message":"GET /api-docs/favicon-32x32.png"}
{"level":"info","message":"GET /api-docs/"}
{"level":"info","message":"GET /api-docs/swagger-ui.css"}
{"level":"info","message":"GET /api-docs/swagger-ui-bundle.js"}
{"level":"info","message":"GET /api-docs/swagger-ui-standalone-preset.js"}
{"level":"info","message":"GET /api-docs/swagger-ui-init.js"}
{"level":"info","message":"GET /api-docs/favicon-32x32.png"}
{"level":"info","message":"GET /api-docs/"}
{"level":"info","message":"GET /api-docs/swagger-ui.css"}
{"level":"info","message":"GET /api-docs/swagger-ui-bundle.js"}
{"level":"info","message":"GET /api-docs/swagger-ui-standalone-preset.js"}
{"level":"info","message":"GET /api-docs/swagger-ui-init.js"}
{"level":"info","message":"GET /api-docs/favicon-32x32.png"}
{"level":"info","message":"GET /api-docs/"}
{"level":"info","message":"GET /api-docs/swagger-ui.css"}
{"level":"info","message":"GET /api-docs/swagger-ui-standalone-preset.js"}
{"level":"info","message":"GET /api-docs/swagger-ui-bundle.js"}
{"level":"info","message":"GET /api-docs/swagger-ui-init.js"}
{"level":"info","message":"GET /api-docs/favicon-32x32.png"}
{"level":"info","message":"GET /api-docs/"}
{"level":"info","message":"GET /api-docs/swagger-ui.css"}
{"level":"info","message":"GET /api-docs/swagger-ui-bundle.js"}
{"level":"info","message":"GET /api-docs/swagger-ui-standalone-preset.js"}
{"level":"info","message":"GET /api-docs/swagger-ui-init.js"}
{"level":"info","message":"GET /api-docs/favicon-32x32.png"}
{"level":"info","message":"GET /api-docs/"}
{"level":"info","message":"GET /api-docs/swagger-ui.css"}
{"level":"info","message":"GET /api-docs/swagger-ui-init.js"}
{"level":"info","message":"GET /api-docs/swagger-ui-bundle.js"}
{"level":"info","message":"GET /api-docs/swagger-ui-standalone-preset.js"}
{"level":"info","message":"GET /api-docs/favicon-32x32.png"}
{"level":"info","message":"GET /api-docs/"}
{"level":"info","message":"GET /api-docs/swagger-ui.css"}
{"level":"info","message":"GET /api-docs/swagger-ui-bundle.js"}
{"level":"info","message":"GET /api-docs/swagger-ui-standalone-preset.js"}
{"level":"info","message":"GET /api-docs/swagger-ui-init.js"}
{"level":"info","message":"GET /swagger.json"}
{"level":"info","message":"GET /"}
{"level":"info","message":"GET /api-docs"}
{"level":"info","message":"GET /api-docs/"}
{"level":"info","message":"GET /api-docs/swagger-ui.css"}
{"level":"info","message":"GET /api-docs/swagger-ui-bundle.js"}
{"level":"info","message":"GET /api-docs/swagger-ui-standalone-preset.js"}
{"level":"info","message":"GET /api-docs/swagger-ui-init.js"}
{"level":"info","message":"GET /api-docs/favicon-32x32.png"}
{"level":"info","message":"GET /swagger.json"}
{"level":"info","message":"GET /swagger.json"}
{"level":"info","message":"GET /api-docs/"}
{"level":"info","message":"GET /api-docs/swagger-ui.css"}
{"level":"info","message":"GET /api-docs/swagger-ui-init.js"}
{"level":"info","message":"GET /api-docs/swagger-ui-bundle.js"}
{"level":"info","message":"GET /api-docs/swagger-ui-standalone-preset.js"}
{"level":"info","message":"GET /api-docs/favicon-32x32.png"}
{"level":"info","message":"GET /api-docs/"}
{"level":"info","message":"GET /api-docs/swagger-ui.css"}
{"level":"info","message":"GET /api-docs/swagger-ui-bundle.js"}
{"level":"info","message":"GET /api-docs/swagger-ui-standalone-preset.js"}
{"level":"info","message":"GET /api-docs/swagger-ui-init.js"}
{"level":"info","message":"GET /api-docs/favicon-32x32.png"}
{"level":"info","message":"GET /swagger.json"}
{"level":"info","message":"GET /swagger.json"}
{"level":"info","message":"GET /swagger.json"}
{"level":"info","message":"GET /api-docs/swagger-ui.css"}
{"level":"info","message":"GET /api-docs/swagger-ui.css.map"}
{"level":"info","message":"GET /api-docs/swagger-ui-bundle.js.map"}
{"level":"info","message":"GET /api-docs/swagger-ui-standalone-preset.js.map"}
{"level":"info","message":"GET /swagger.json"}
{"level":"info","message":"GET /swagger.json"}
{"level":"info","message":"GET /swagger.json"}
{"level":"info","message":"GET /swagger.json"}
{"level":"info","message":"GET /swagger.json"}
{"level":"info","message":"GET /swagger.json"}
{"level":"info","message":"GET /swagger.json"}
{"level":"info","message":"GET /swagger.json"}
{"level":"info","message":"GET /swagger.json"}
{"level":"info","message":"GET /swagger.json"}
{"level":"info","message":"GET /items"}
{"level":"info","message":"GET /"}
{"level":"info","message":"GET /api-docs/"}
{"level":"info","message":"GET /api-docs/"}
{"level":"info","message":"GET /api-docs/swagger-ui.css"}
{"level":"info","message":"GET /api-docs/swagger-ui-bundle.js"}
{"level":"info","message":"GET /api-docs/swagger-ui-standalone-preset.js"}
{"level":"info","message":"GET /api-docs/swagger-ui-init.js"}
{"level":"info","message":"GET /api-docs/swagger-ui.css.map"}
{"level":"info","message":"GET /api-docs/swagger-ui-bundle.js.map"}
{"level":"info","message":"GET /api-docs/swagger-ui-standalone-preset.js.map"}
{"level":"info","message":"GET /api-docs/list%20of"}
{"level":"info","message":"GET /api-docs/"}
{"level":"info","message":"GET /api-docs/"}
{"level":"info","message":"GET /api-docs/swagger-ui.css"}
{"level":"info","message":"GET /api-docs/swagger-ui-init.js"}
{"level":"info","message":"GET /api-docs/swagger-ui-bundle.js"}
{"level":"info","message":"GET /api-docs/swagger-ui-standalone-preset.js"}
{"level":"info","message":"GET /api-docs/swagger-ui.css.map"}
{"level":"info","message":"GET /api-docs/swagger-ui-bundle.js.map"}
{"level":"info","message":"GET /api-docs/swagger-ui-standalone-preset.js.map"}
{"level":"info","message":"GET /api-docs/favicon-32x32.png"}
{"level":"info","message":"GET /api-docs/upload"}
{"level":"info","message":"GET /api-docs/upload"}
{"level":"info","message":"GET /api-docs/swagger-ui.css"}
{"level":"info","message":"GET /api-docs/swagger-ui-bundle.js"}
{"level":"info","message":"GET /api-docs/swagger-ui-standalone-preset.js"}
{"level":"info","message":"GET /api-docs/swagger-ui-init.js"}
{"level":"info","message":"GET /upload"}
{"level":"info","message":"GET /"}
{"level":"info","message":"GET /api-docs/upload"}
{"level":"info","message":"GET /upload"}
{"level":"info","message":"GET /api-docs/upload"}
{"level":"info","message":"GET /api-docs/"}
{"level":"info","message":"GET /api-docs/swagger-ui.css"}
{"level":"info","message":"GET /api-docs/swagger-ui-bundle.js"}
{"level":"info","message":"GET /api-docs/swagger-ui-standalone-preset.js"}
{"level":"info","message":"GET /api-docs/swagger-ui-init.js"}
{"level":"info","message":"GET /api-docs/swagger-ui.css.map"}
{"level":"info","message":"GET /api-docs/swagger-ui-bundle.js.map"}
{"level":"info","message":"GET /api-docs/swagger-ui-standalone-preset.js.map"}
{"level":"info","message":"GET /api-docs/favicon-32x32.png"}
{"level":"info","message":"GET /api-docs/login"}
{"level":"info","message":"GET /api-docs/"}
{"level":"info","message":"GET /api-docs/swagger-ui.css"}
{"level":"info","message":"GET /api-docs/swagger-ui-bundle.js"}
{"level":"info","message":"GET /api-docs/swagger-ui-standalone-preset.js"}
{"level":"info","message":"GET /api-docs/swagger-ui-init.js"}
{"level":"info","message":"GET /api-docs/swagger-ui.css.map"}
{"level":"info","message":"GET /api-docs/swagger-ui-bundle.js.map"}
{"level":"info","message":"GET /api-docs/swagger-ui-standalone-preset.js.map"}
{"level":"info","message":"GET /api-docs/favicon-32x32.png"}
{"level":"info","message":"GET /api-docs/login"}
{"level":"info","message":"GET /swagger.json"}
{"level":"info","message":"GET /api-docs/"}
{"level":"info","message":"GET /api-docs/swagger-ui.css"}
{"level":"info","message":"GET /api-docs/swagger-ui-bundle.js"}
{"level":"info","message":"GET /api-docs/swagger-ui-standalone-preset.js"}
{"level":"info","message":"GET /api-docs/swagger-ui-init.js"}
{"level":"info","message":"GET /api-docs/swagger-ui.css.map"}
{"level":"info","message":"GET /api-docs/swagger-ui-bundle.js.map"}
{"level":"info","message":"GET /api-docs/swagger-ui-standalone-preset.js.map"}
{"level":"info","message":"GET /api-docs/favicon-32x32.png"}
{"level":"info","message":"GET /swagger.json"}
{"level":"info","message":"GET /api-docs/"}
{"level":"info","message":"GET /api-docs/swagger-ui.css"}
{"level":"info","message":"GET /api-docs/swagger-ui-bundle.js"}
{"level":"info","message":"GET /api-docs/swagger-ui-standalone-preset.js"}
{"level":"info","message":"GET /api-docs/swagger-ui-init.js"}
{"level":"info","message":"GET /api-docs/swagger-ui.css.map"}
{"level":"info","message":"GET /api-docs/swagger-ui-bundle.js.map"}
{"level":"info","message":"GET /api-docs/swagger-ui-standalone-preset.js.map"}
{"level":"info","message":"GET /api-docs/favicon-32x32.png"}
{"level":"info","message":"GET /swagger.json"}
{"level":"info","message":"GET /api-docs/login"}
{"level":"info","message":"GET /api-docs/login"}
{"level":"info","message":"GET /api-docs/swagger-ui.css"}
{"level":"info","message":"GET /api-docs/swagger-ui-bundle.js"}
{"level":"info","message":"GET /api-docs/swagger-ui-standalone-preset.js"}
{"level":"info","message":"GET /api-docs/swagger-ui-init.js"}
{"level":"info","message":"POST /login"}
{"level":"info","message":"POST /items"}
{"level":"info","message":"GET /items"}
{"level":"info","message":"DELETE /items/1"}
{"level":"info","message":"GET /items"}
{"level":"info","message":"POST /upload"}
{"level":"info","message":"GET /api-docs/"}
{"level":"info","message":"GET /api-docs/swagger-ui.css"}
{"level":"info","message":"GET /api-docs/swagger-ui-bundle.js"}
{"level":"info","message":"GET /api-docs/swagger-ui-standalone-preset.js"}
{"level":"info","message":"GET /api-docs/swagger-ui-init.js"}
{"level":"info","message":"GET /api-docs/swagger-ui.css.map"}
{"level":"info","message":"GET /api-docs/swagger-ui-bundle.js.map"}
{"level":"info","message":"GET /api-docs/swagger-ui-standalone-preset.js.map"}
{"level":"info","message":"GET /api-docs/favicon-32x32.png"}
{"level":"info","message":"GET /api-docs/"}
{"level":"info","message":"GET /api-docs/swagger-ui.css"}
{"level":"info","message":"GET /api-docs/swagger-ui-init.js"}
{"level":"info","message":"GET /api-docs/swagger-ui-bundle.js"}
{"level":"info","message":"GET /api-docs/swagger-ui-standalone-preset.js"}
{"level":"info","message":"GET /api-docs/swagger-ui.css.map"}
{"level":"info","message":"GET /api-docs/swagger-ui-bundle.js.map"}
{"level":"info","message":"GET /api-docs/swagger-ui-standalone-preset.js.map"}
{"level":"info","message":"GET /api-docs/favicon-32x32.png"}
{"level":"info","message":"GET /api-docs/"}
{"level":"info","message":"GET /api-docs/swagger-ui.css"}
{"level":"info","message":"GET /api-docs/swagger-ui-bundle.js"}
{"level":"info","message":"GET /api-docs/swagger-ui-init.js"}
{"level":"info","message":"GET /api-docs/swagger-ui-standalone-preset.js"}
{"level":"info","message":"GET /api-docs/swagger-ui.css.map"}
{"level":"info","message":"GET /api-docs/swagger-ui-bundle.js.map"}
{"level":"info","message":"GET /api-docs/swagger-ui-standalone-preset.js.map"}
{"level":"info","message":"GET /api-docs/favicon-32x32.png"}
